build/app/intermediates/manifest_merge_blame_file/debug/manifest-merger-blame-debug-report.txt
1<?xml version="1.0" encoding="utf-8"?>
2<manifest xmlns:android="http://schemas.android.com/apk/res/android"
3    package="com.example.lms"
4    android:versionCode="1"
5    android:versionName="1.0.0" >
6
7    <uses-sdk
8        android:minSdkVersion="16"
9        android:targetSdkVersion="30" />
10    <!--
11         Flutter needs it to communicate with the running application
12         to allow setting breakpoints, to provide hot reload, etc.
13    -->
14    <uses-permission android:name="android.permission.INTERNET" />
14-->src\debug\AndroidManifest.xml:6:5-66
14-->src\debug\AndroidManifest.xml:6:22-64
15    <uses-permission android:name="android.permission.CAMERA" />
15-->src\main\AndroidManifest.xml:2:3-63
15-->src\main\AndroidManifest.xml:2:20-60
16    <uses-permission android:name="android.permission.WRITE_EXTERNAL_STORAGE" />
16-->src\main\AndroidManifest.xml:3:3-79
16-->src\main\AndroidManifest.xml:3:20-76
17    <uses-permission android:name="android.permission.READ_EXTERNAL_STORAGE" />
17-->src\main\AndroidManifest.xml:4:3-78
17-->src\main\AndroidManifest.xml:4:20-75
18    <uses-permission android:name="android.permission.VIBRATE" />
18-->[:qrscan] AndroidManifest.xml:8:5-66
18-->[:qrscan] AndroidManifest.xml:8:22-63
19    <uses-permission android:name="android.permission.FLASHLIGHT" />
19-->[:qrscan] AndroidManifest.xml:9:5-69
19-->[:qrscan] AndroidManifest.xml:9:22-66
20
21    <uses-feature android:name="android.hardware.camera" />
21-->[:qrscan] AndroidManifest.xml:11:5-60
21-->[:qrscan] AndroidManifest.xml:11:19-57
22    <uses-feature android:name="android.hardware.camera.autofocus" />
22-->[:qrscan] AndroidManifest.xml:12:5-70
22-->[:qrscan] AndroidManifest.xml:12:19-67
23
24    <uses-permission android:name="android.permission.WAKE_LOCK" />
24-->[:qrscan] AndroidManifest.xml:14:5-68
24-->[:qrscan] AndroidManifest.xml:14:22-65
25    <uses-permission android:name="android.permission.ACCESS_NETWORK_STATE" /> <!-- Required by older versions of Google Play services to create IID tokens -->
25-->[com.google.firebase:firebase-auth:20.0.3] AndroidManifest.xml:24:5-79
25-->[com.google.firebase:firebase-auth:20.0.3] AndroidManifest.xml:24:22-76
26    <uses-permission android:name="com.google.android.c2dm.permission.RECEIVE" />
26-->[com.google.firebase:firebase-iid:21.0.1] AndroidManifest.xml:26:5-82
26-->[com.google.firebase:firebase-iid:21.0.1] AndroidManifest.xml:26:22-79
27    <uses-permission android:name="com.google.android.finsky.permission.BIND_GET_INSTALL_REFERRER_SERVICE" />
27-->[com.google.android.gms:play-services-measurement:18.0.2] AndroidManifest.xml:26:5-110
27-->[com.google.android.gms:play-services-measurement:18.0.2] AndroidManifest.xml:26:22-107
28
29    <application
29-->src\main\AndroidManifest.xml:5:3-26:17
30        android:name="androidx.multidex.MultiDexApplication"
31        android:allowBackup="true"
31-->[:qrscan] AndroidManifest.xml:20:9-35
32        android:appComponentFactory="androidx.core.app.CoreComponentFactory"
32-->[androidx.core:core:1.1.0] AndroidManifest.xml:24:18-86
33        android:configChanges="orientation|keyboardHidden"
33-->[:qrscan] AndroidManifest.xml:21:9-59
34        android:debuggable="true"
35        android:icon="@mipmap/ic_launcher"
35-->src\main\AndroidManifest.xml:5:36-70
36        android:label="lms"
36-->src\main\AndroidManifest.xml:5:16-35
37        android:screenOrientation="portrait"
37-->[:qrscan] AndroidManifest.xml:23:9-45
38        android:supportsRtl="true"
38-->[:qrscan] AndroidManifest.xml:24:9-35
39        android:theme="@style/Theme.AppCompat.NoActionBar"
39-->[:qrscan] AndroidManifest.xml:25:9-59
40        android:usesCleartextTraffic="true"
40-->[:cloud_functions] AndroidManifest.xml:9:9-44
41        android:windowSoftInputMode="stateAlwaysHidden" >
41-->[:qrscan] AndroidManifest.xml:26:9-56
42        <activity
42-->src\main\AndroidManifest.xml:6:5-22:16
43            android:name="com.example.lms.MainActivity"
43-->src\main\AndroidManifest.xml:6:15-43
44            android:configChanges="orientation|keyboardHidden|keyboard|screenSize|smallestScreenSize|locale|layoutDirection|fontScale|screenLayout|density|uiMode"
44-->src\main\AndroidManifest.xml:6:110-260
45            android:hardwareAccelerated="true"
45-->src\main\AndroidManifest.xml:6:261-295
46            android:launchMode="singleTop"
46-->src\main\AndroidManifest.xml:6:44-74
47            android:theme="@style/LaunchTheme"
47-->src\main\AndroidManifest.xml:6:75-109
48            android:windowSoftInputMode="adjustResize" >
48-->src\main\AndroidManifest.xml:6:296-338
49
50            <!--
51           Specifies an Android theme to apply to this Activity as soon as
52                 the Android process has started. This theme is visible to the user
53                 while the Flutter UI initializes. After that, this theme continues
54                 to determine the Window background behind the Flutter UI.
55            -->
56            <meta-data
56-->src\main\AndroidManifest.xml:11:7-114
57                android:name="io.flutter.embedding.android.NormalTheme"
57-->src\main\AndroidManifest.xml:11:18-73
58                android:resource="@style/NormalTheme" />
58-->src\main\AndroidManifest.xml:11:74-111
59            <!--
60           Displays an Android View that continues showing the launch screen
61                 Drawable until Flutter paints its first frame, then this splash
62                 screen fades out. A splash screen is useful to avoid any visual
63                 gap between the end of Android's launch screen and the painting of
64                 Flutter's first frame.
65            -->
66            <meta-data
66-->src\main\AndroidManifest.xml:17:7-132
67                android:name="io.flutter.embedding.android.SplashScreenDrawable"
67-->src\main\AndroidManifest.xml:17:18-82
68                android:resource="@drawable/launch_background" />
68-->src\main\AndroidManifest.xml:17:83-129
69
70            <intent-filter>
70-->src\main\AndroidManifest.xml:18:7-21:23
71                <action android:name="android.intent.action.MAIN" />
71-->src\main\AndroidManifest.xml:19:9-61
71-->src\main\AndroidManifest.xml:19:17-58
72
73                <category android:name="android.intent.category.LAUNCHER" />
73-->src\main\AndroidManifest.xml:20:9-69
73-->src\main\AndroidManifest.xml:20:19-66
74            </intent-filter>
75        </activity>
76        <!--
77         Don't delete the meta-data below.
78             This is used by the Flutter tool to generate GeneratedPluginRegistrant.java
79        -->
80        <meta-data
80-->src\main\AndroidManifest.xml:25:5-68
81            android:name="flutterEmbedding"
81-->src\main\AndroidManifest.xml:25:16-47
82            android:value="2" />
82-->src\main\AndroidManifest.xml:25:48-65
83
84        <provider
84-->[:image_picker] AndroidManifest.xml:11:9-19:20
85            android:name="io.flutter.plugins.imagepicker.ImagePickerFileProvider"
85-->[:image_picker] AndroidManifest.xml:12:13-82
86            android:authorities="com.example.lms.flutter.image_provider"
86-->[:image_picker] AndroidManifest.xml:13:13-74
87            android:exported="false"
87-->[:image_picker] AndroidManifest.xml:14:13-37
88            android:grantUriPermissions="true" >
88-->[:image_picker] AndroidManifest.xml:15:13-47
89            <meta-data
89-->[:image_picker] AndroidManifest.xml:16:13-18:75
90                android:name="android.support.FILE_PROVIDER_PATHS"
90-->[:image_picker] AndroidManifest.xml:17:17-67
91                android:resource="@xml/flutter_image_picker_file_paths" />
91-->[:image_picker] AndroidManifest.xml:18:17-72
92        </provider>
93
94        <service
94-->[:cloud_functions] AndroidManifest.xml:11:9-15:19
95            android:name="com.google.firebase.components.ComponentDiscoveryService"
95-->[:cloud_functions] AndroidManifest.xml:11:18-89
96            android:directBootAware="true"
96-->[com.google.firebase:firebase-common:19.5.0] AndroidManifest.xml:35:13-43
97            android:exported="false" >
97-->[com.google.firebase:firebase-functions:19.2.0] AndroidManifest.xml:17:13-37
98            <meta-data
98-->[:cloud_functions] AndroidManifest.xml:12:13-14:85
99                android:name="com.google.firebase.components:io.flutter.plugins.firebase.functions.FlutterFirebaseAppRegistrar"
99-->[:cloud_functions] AndroidManifest.xml:13:17-128
100                android:value="com.google.firebase.components.ComponentRegistrar" />
100-->[:cloud_functions] AndroidManifest.xml:14:17-82
101            <meta-data
101-->[:cloud_firestore] AndroidManifest.xml:9:13-11:85
102                android:name="com.google.firebase.components:io.flutter.plugins.firebase.firestore.FlutterFirebaseFirestoreRegistrar"
102-->[:cloud_firestore] AndroidManifest.xml:10:17-134
103                android:value="com.google.firebase.components.ComponentRegistrar" />
103-->[:cloud_firestore] AndroidManifest.xml:11:17-82
104            <meta-data
104-->[:firebase_auth] AndroidManifest.xml:9:13-11:85
105                android:name="com.google.firebase.components:io.flutter.plugins.firebase.auth.FlutterFirebaseAuthRegistrar"
105-->[:firebase_auth] AndroidManifest.xml:10:17-124
106                android:value="com.google.firebase.components.ComponentRegistrar" />
106-->[:firebase_auth] AndroidManifest.xml:11:17-82
107            <meta-data
107-->[:firebase_core] AndroidManifest.xml:9:13-11:85
108                android:name="com.google.firebase.components:io.flutter.plugins.firebase.core.FlutterFirebaseCoreRegistrar"
108-->[:firebase_core] AndroidManifest.xml:10:17-124
109                android:value="com.google.firebase.components.ComponentRegistrar" />
109-->[:firebase_core] AndroidManifest.xml:11:17-82
110            <meta-data
110-->[com.google.firebase:firebase-functions:19.2.0] AndroidManifest.xml:18:13-20:85
111                android:name="com.google.firebase.components:com.google.firebase.functions.FunctionsRegistrar"
111-->[com.google.firebase:firebase-functions:19.2.0] AndroidManifest.xml:19:17-111
112                android:value="com.google.firebase.components.ComponentRegistrar" />
112-->[com.google.firebase:firebase-functions:19.2.0] AndroidManifest.xml:20:17-82
113            <meta-data
113-->[com.google.firebase:firebase-auth:20.0.3] AndroidManifest.xml:77:13-79:85
114                android:name="com.google.firebase.components:com.google.firebase.auth.FirebaseAuthRegistrar"
114-->[com.google.firebase:firebase-auth:20.0.3] AndroidManifest.xml:78:17-109
115                android:value="com.google.firebase.components.ComponentRegistrar" />
115-->[com.google.firebase:firebase-auth:20.0.3] AndroidManifest.xml:79:17-82
116            <meta-data
116-->[com.google.firebase:firebase-iid:21.0.1] AndroidManifest.xml:32:13-34:85
117                android:name="com.google.firebase.components:com.google.firebase.iid.Registrar"
117-->[com.google.firebase:firebase-iid:21.0.1] AndroidManifest.xml:33:17-96
118                android:value="com.google.firebase.components.ComponentRegistrar" />
118-->[com.google.firebase:firebase-iid:21.0.1] AndroidManifest.xml:34:17-82
119            <meta-data
119-->[com.google.firebase:firebase-firestore:22.1.2] AndroidManifest.xml:20:13-22:85
120                android:name="com.google.firebase.components:com.google.firebase.firestore.FirestoreRegistrar"
120-->[com.google.firebase:firebase-firestore:22.1.2] AndroidManifest.xml:21:17-111
121                android:value="com.google.firebase.components.ComponentRegistrar" />
121-->[com.google.firebase:firebase-firestore:22.1.2] AndroidManifest.xml:22:17-82
122            <meta-data
122-->[com.google.android.gms:play-services-measurement-api:18.0.2] AndroidManifest.xml:30:13-32:85
123                android:name="com.google.firebase.components:com.google.firebase.analytics.connector.internal.AnalyticsConnectorRegistrar"
123-->[com.google.android.gms:play-services-measurement-api:18.0.2] AndroidManifest.xml:31:17-139
124                android:value="com.google.firebase.components.ComponentRegistrar" />
124-->[com.google.android.gms:play-services-measurement-api:18.0.2] AndroidManifest.xml:32:17-82
125            <meta-data
125-->[com.google.firebase:firebase-installations:16.3.5] AndroidManifest.xml:18:13-20:85
126                android:name="com.google.firebase.components:com.google.firebase.installations.FirebaseInstallationsRegistrar"
126-->[com.google.firebase:firebase-installations:16.3.5] AndroidManifest.xml:19:17-127
127                android:value="com.google.firebase.components.ComponentRegistrar" />
127-->[com.google.firebase:firebase-installations:16.3.5] AndroidManifest.xml:20:17-82
128            <!--
129                This registrar is not defined in the dynamic-module-support sdk itself to allow non-firebase
130                clients to use it as well, by defining this registrar in their own core/common library.
131            -->
132            <meta-data
132-->[com.google.firebase:firebase-common:19.5.0] AndroidManifest.xml:43:13-45:85
133                android:name="com.google.firebase.components:com.google.firebase.dynamicloading.DynamicLoadingRegistrar"
133-->[com.google.firebase:firebase-common:19.5.0] AndroidManifest.xml:44:17-121
134                android:value="com.google.firebase.components.ComponentRegistrar" />
134-->[com.google.firebase:firebase-common:19.5.0] AndroidManifest.xml:45:17-82
135        </service>
136
137        <activity android:name="com.shinow.qrscan.SecondActivity" />
137-->[:qrscan] AndroidManifest.xml:27:9-69
137-->[:qrscan] AndroidManifest.xml:27:19-66
138        <activity
138-->[com.google.firebase:firebase-auth:20.0.3] AndroidManifest.xml:27:9-44:20
139            android:name="com.google.firebase.auth.internal.GenericIdpActivity"
139-->[com.google.firebase:firebase-auth:20.0.3] AndroidManifest.xml:28:13-80
140            android:excludeFromRecents="true"
140-->[com.google.firebase:firebase-auth:20.0.3] AndroidManifest.xml:29:13-46
141            android:exported="true"
141-->[com.google.firebase:firebase-auth:20.0.3] AndroidManifest.xml:30:13-36
142            android:launchMode="singleTask"
142-->[com.google.firebase:firebase-auth:20.0.3] AndroidManifest.xml:31:13-44
143            android:theme="@android:style/Theme.Translucent.NoTitleBar" >
143-->[com.google.firebase:firebase-auth:20.0.3] AndroidManifest.xml:32:13-72
144            <intent-filter>
144-->[com.google.firebase:firebase-auth:20.0.3] AndroidManifest.xml:33:13-43:29
145                <action android:name="android.intent.action.VIEW" />
145-->[com.google.firebase:firebase-auth:20.0.3] AndroidManifest.xml:34:17-69
145-->[com.google.firebase:firebase-auth:20.0.3] AndroidManifest.xml:34:25-66
146
147                <category android:name="android.intent.category.DEFAULT" />
147-->[com.google.firebase:firebase-auth:20.0.3] AndroidManifest.xml:36:17-76
147-->[com.google.firebase:firebase-auth:20.0.3] AndroidManifest.xml:36:27-73
148                <category android:name="android.intent.category.BROWSABLE" />
148-->[com.google.firebase:firebase-auth:20.0.3] AndroidManifest.xml:37:17-78
148-->[com.google.firebase:firebase-auth:20.0.3] AndroidManifest.xml:37:27-75
149
150                <data
150-->[com.google.firebase:firebase-auth:20.0.3] AndroidManifest.xml:39:17-42:51
151                    android:host="firebase.auth"
151-->[com.google.firebase:firebase-auth:20.0.3] AndroidManifest.xml:40:21-49
152                    android:path="/"
152-->[com.google.firebase:firebase-auth:20.0.3] AndroidManifest.xml:41:21-37
153                    android:scheme="genericidp" />
153-->[com.google.firebase:firebase-auth:20.0.3] AndroidManifest.xml:42:21-48
154            </intent-filter>
155        </activity>
156        <activity
156-->[com.google.firebase:firebase-auth:20.0.3] AndroidManifest.xml:45:9-62:20
157            android:name="com.google.firebase.auth.internal.RecaptchaActivity"
157-->[com.google.firebase:firebase-auth:20.0.3] AndroidManifest.xml:46:13-79
158            android:excludeFromRecents="true"
158-->[com.google.firebase:firebase-auth:20.0.3] AndroidManifest.xml:47:13-46
159            android:exported="true"
159-->[com.google.firebase:firebase-auth:20.0.3] AndroidManifest.xml:48:13-36
160            android:launchMode="singleTask"
160-->[com.google.firebase:firebase-auth:20.0.3] AndroidManifest.xml:49:13-44
161            android:theme="@android:style/Theme.Translucent.NoTitleBar" >
161-->[com.google.firebase:firebase-auth:20.0.3] AndroidManifest.xml:50:13-72
162            <intent-filter>
162-->[com.google.firebase:firebase-auth:20.0.3] AndroidManifest.xml:51:13-61:29
163                <action android:name="android.intent.action.VIEW" />
163-->[com.google.firebase:firebase-auth:20.0.3] AndroidManifest.xml:34:17-69
163-->[com.google.firebase:firebase-auth:20.0.3] AndroidManifest.xml:34:25-66
164
165                <category android:name="android.intent.category.DEFAULT" />
165-->[com.google.firebase:firebase-auth:20.0.3] AndroidManifest.xml:36:17-76
165-->[com.google.firebase:firebase-auth:20.0.3] AndroidManifest.xml:36:27-73
166                <category android:name="android.intent.category.BROWSABLE" />
166-->[com.google.firebase:firebase-auth:20.0.3] AndroidManifest.xml:37:17-78
166-->[com.google.firebase:firebase-auth:20.0.3] AndroidManifest.xml:37:27-75
167
168                <data
168-->[com.google.firebase:firebase-auth:20.0.3] AndroidManifest.xml:39:17-42:51
169                    android:host="firebase.auth"
169-->[com.google.firebase:firebase-auth:20.0.3] AndroidManifest.xml:40:21-49
170                    android:path="/"
170-->[com.google.firebase:firebase-auth:20.0.3] AndroidManifest.xml:41:21-37
171                    android:scheme="recaptcha" />
171-->[com.google.firebase:firebase-auth:20.0.3] AndroidManifest.xml:42:21-48
172            </intent-filter>
173        </activity>
174
175        <service
175-->[com.google.firebase:firebase-auth:20.0.3] AndroidManifest.xml:64:9-73:19
176            android:name="com.google.firebase.auth.api.fallback.service.FirebaseAuthFallbackService"
176-->[com.google.firebase:firebase-auth:20.0.3] AndroidManifest.xml:65:13-101
177            android:enabled="true"
177-->[com.google.firebase:firebase-auth:20.0.3] AndroidManifest.xml:66:13-35
178            android:exported="false" >
178-->[com.google.firebase:firebase-auth:20.0.3] AndroidManifest.xml:67:13-37
179            <intent-filter>
179-->[com.google.firebase:firebase-auth:20.0.3] AndroidManifest.xml:68:13-72:29
180                <action android:name="com.google.firebase.auth.api.gms.service.START" />
180-->[com.google.firebase:firebase-auth:20.0.3] AndroidManifest.xml:69:17-89
180-->[com.google.firebase:firebase-auth:20.0.3] AndroidManifest.xml:69:25-86
181
182                <category android:name="android.intent.category.DEFAULT" />
182-->[com.google.firebase:firebase-auth:20.0.3] AndroidManifest.xml:36:17-76
182-->[com.google.firebase:firebase-auth:20.0.3] AndroidManifest.xml:36:27-73
183            </intent-filter>
184        </service>
185
186        <receiver
186-->[com.google.firebase:firebase-iid:21.0.1] AndroidManifest.xml:37:9-44:20
187            android:name="com.google.firebase.iid.FirebaseInstanceIdReceiver"
187-->[com.google.firebase:firebase-iid:21.0.1] AndroidManifest.xml:38:13-78
188            android:exported="true"
188-->[com.google.firebase:firebase-iid:21.0.1] AndroidManifest.xml:39:13-36
189            android:permission="com.google.android.c2dm.permission.SEND" >
189-->[com.google.firebase:firebase-iid:21.0.1] AndroidManifest.xml:40:13-73
190            <intent-filter>
190-->[com.google.firebase:firebase-iid:21.0.1] AndroidManifest.xml:41:13-43:29
191                <action android:name="com.google.android.c2dm.intent.RECEIVE" />
191-->[com.google.firebase:firebase-iid:21.0.1] AndroidManifest.xml:42:17-81
191-->[com.google.firebase:firebase-iid:21.0.1] AndroidManifest.xml:42:25-78
192            </intent-filter>
193        </receiver>
194
195        <provider
195-->[com.google.firebase:firebase-common:19.5.0] AndroidManifest.xml:26:9-31:39
196            android:name="com.google.firebase.provider.FirebaseInitProvider"
196-->[com.google.firebase:firebase-common:19.5.0] AndroidManifest.xml:27:13-77
197            android:authorities="com.example.lms.firebaseinitprovider"
197-->[com.google.firebase:firebase-common:19.5.0] AndroidManifest.xml:28:13-72
198            android:directBootAware="true"
198-->[com.google.firebase:firebase-common:19.5.0] AndroidManifest.xml:29:13-43
199            android:exported="false"
199-->[com.google.firebase:firebase-common:19.5.0] AndroidManifest.xml:30:13-37
200            android:initOrder="100" />
200-->[com.google.firebase:firebase-common:19.5.0] AndroidManifest.xml:31:13-36
201
202        <activity
202-->[com.google.android.gms:play-services-auth:16.0.1] AndroidManifest.xml:23:9-27:75
203            android:name="com.google.android.gms.auth.api.signin.internal.SignInHubActivity"
203-->[com.google.android.gms:play-services-auth:16.0.1] AndroidManifest.xml:24:13-93
204            android:excludeFromRecents="true"
204-->[com.google.android.gms:play-services-auth:16.0.1] AndroidManifest.xml:25:13-46
205            android:exported="false"
205-->[com.google.android.gms:play-services-auth:16.0.1] AndroidManifest.xml:26:13-37
206            android:theme="@android:style/Theme.Translucent.NoTitleBar" />
206-->[com.google.android.gms:play-services-auth:16.0.1] AndroidManifest.xml:27:13-72
207        <!--
208            Service handling Google Sign-In user revocation. For apps that do not integrate with
209            Google Sign-In, this service will never be started.
210        -->
211        <service
211-->[com.google.android.gms:play-services-auth:16.0.1] AndroidManifest.xml:33:9-36:110
212            android:name="com.google.android.gms.auth.api.signin.RevocationBoundService"
212-->[com.google.android.gms:play-services-auth:16.0.1] AndroidManifest.xml:34:13-89
213            android:exported="true"
213-->[com.google.android.gms:play-services-auth:16.0.1] AndroidManifest.xml:35:13-36
214            android:permission="com.google.android.gms.auth.api.signin.permission.REVOCATION_NOTIFICATION" />
214-->[com.google.android.gms:play-services-auth:16.0.1] AndroidManifest.xml:36:13-107
215
216        <provider
216-->[com.squareup.picasso:picasso:2.71828] AndroidManifest.xml:8:9-11:40
217            android:name="com.squareup.picasso.PicassoProvider"
217-->[com.squareup.picasso:picasso:2.71828] AndroidManifest.xml:9:13-64
218            android:authorities="com.example.lms.com.squareup.picasso"
218-->[com.squareup.picasso:picasso:2.71828] AndroidManifest.xml:10:13-72
219            android:exported="false" />
219-->[com.squareup.picasso:picasso:2.71828] AndroidManifest.xml:11:13-37
220
221        <activity
221-->[com.github.leyan95:android-zxingLibrary:0.1.2-PRE] AndroidManifest.xml:14:9-19:63
222            android:name="com.uuzuche.lib_zxing.activity.CaptureActivity"
222-->[com.github.leyan95:android-zxingLibrary:0.1.2-PRE] AndroidManifest.xml:15:13-74
223            android:configChanges="orientation|keyboardHidden"
223-->[com.github.leyan95:android-zxingLibrary:0.1.2-PRE] AndroidManifest.xml:16:13-63
224            android:screenOrientation="portrait"
224-->[com.github.leyan95:android-zxingLibrary:0.1.2-PRE] AndroidManifest.xml:17:13-49
225            android:theme="@style/Theme.AppCompat.NoActionBar"
225-->[com.github.leyan95:android-zxingLibrary:0.1.2-PRE] AndroidManifest.xml:18:13-63
226            android:windowSoftInputMode="stateAlwaysHidden" />
226-->[com.github.leyan95:android-zxingLibrary:0.1.2-PRE] AndroidManifest.xml:19:13-60
227        <activity
227-->[com.google.android.gms:play-services-base:17.1.0] AndroidManifest.xml:23:9-26:75
228            android:name="com.google.android.gms.common.api.GoogleApiActivity"
228-->[com.google.android.gms:play-services-base:17.1.0] AndroidManifest.xml:24:13-79
229            android:exported="false"
229-->[com.google.android.gms:play-services-base:17.1.0] AndroidManifest.xml:25:13-37
230            android:theme="@android:style/Theme.Translucent.NoTitleBar" />
230-->[com.google.android.gms:play-services-base:17.1.0] AndroidManifest.xml:26:13-72
231
232        <receiver
232-->[com.google.android.gms:play-services-measurement:18.0.2] AndroidManifest.xml:29:9-33:20
233            android:name="com.google.android.gms.measurement.AppMeasurementReceiver"
233-->[com.google.android.gms:play-services-measurement:18.0.2] AndroidManifest.xml:30:13-85
234            android:enabled="true"
234-->[com.google.android.gms:play-services-measurement:18.0.2] AndroidManifest.xml:31:13-35
235            android:exported="false" >
235-->[com.google.android.gms:play-services-measurement:18.0.2] AndroidManifest.xml:32:13-37
236        </receiver>
237
238        <service
238-->[com.google.android.gms:play-services-measurement:18.0.2] AndroidManifest.xml:35:9-38:40
239            android:name="com.google.android.gms.measurement.AppMeasurementService"
239-->[com.google.android.gms:play-services-measurement:18.0.2] AndroidManifest.xml:36:13-84
240            android:enabled="true"
240-->[com.google.android.gms:play-services-measurement:18.0.2] AndroidManifest.xml:37:13-35
241            android:exported="false" />
241-->[com.google.android.gms:play-services-measurement:18.0.2] AndroidManifest.xml:38:13-37
242        <service
242-->[com.google.android.gms:play-services-measurement:18.0.2] AndroidManifest.xml:39:9-43:72
243            android:name="com.google.android.gms.measurement.AppMeasurementJobService"
243-->[com.google.android.gms:play-services-measurement:18.0.2] AndroidManifest.xml:40:13-87
244            android:enabled="true"
244-->[com.google.android.gms:play-services-measurement:18.0.2] AndroidManifest.xml:41:13-35
245            android:exported="false"
245-->[com.google.android.gms:play-services-measurement:18.0.2] AndroidManifest.xml:42:13-37
246            android:permission="android.permission.BIND_JOB_SERVICE" />
246-->[com.google.android.gms:play-services-measurement:18.0.2] AndroidManifest.xml:43:13-69
247
248        <meta-data
248-->[com.google.android.gms:play-services-basement:17.1.0] AndroidManifest.xml:23:9-25:69
249            android:name="com.google.android.gms.version"
249-->[com.google.android.gms:play-services-basement:17.1.0] AndroidManifest.xml:24:13-58
250            android:value="@integer/google_play_services_version" />
250-->[com.google.android.gms:play-services-basement:17.1.0] AndroidManifest.xml:25:13-66
251    </application>
252
253</manifest>